{"/home/hasininjato/FOLDERS/swaggelize/swaggelize/refactoring/src/parsers/modelParser.js": {"path":"/home/hasininjato/FOLDERS/swaggelize/swaggelize/refactoring/src/parsers/modelParser.js","statementMap":{"0":{"start":{"line":1,"column":15},"end":{"line":1,"column":39}},"1":{"start":{"line":2,"column":17},"end":{"line":2,"column":51}},"2":{"start":{"line":3,"column":10},"end":{"line":3,"column":33}},"3":{"start":{"line":4,"column":14},"end":{"line":4,"column":39}},"4":{"start":{"line":5,"column":39},"end":{"line":5,"column":68}},"5":{"start":{"line":9,"column":16},"end":{"line":12,"column":6}},"6":{"start":{"line":14,"column":29},"end":{"line":14,"column":31}},"7":{"start":{"line":16,"column":4},"end":{"line":30,"column":7}},"8":{"start":{"line":18,"column":12},"end":{"line":18,"column":64}},"9":{"start":{"line":18,"column":57},"end":{"line":18,"column":64}},"10":{"start":{"line":19,"column":12},"end":{"line":19,"column":68}},"11":{"start":{"line":19,"column":61},"end":{"line":19,"column":68}},"12":{"start":{"line":21,"column":30},"end":{"line":21,"column":59}},"13":{"start":{"line":22,"column":12},"end":{"line":22,"column":35}},"14":{"start":{"line":22,"column":28},"end":{"line":22,"column":35}},"15":{"start":{"line":24,"column":12},"end":{"line":28,"column":15}},"16":{"start":{"line":32,"column":4},"end":{"line":32,"column":28}},"17":{"start":{"line":37,"column":19},"end":{"line":37,"column":21}},"18":{"start":{"line":38,"column":23},"end":{"line":38,"column":56}},"19":{"start":{"line":40,"column":4},"end":{"line":40,"column":57}},"20":{"start":{"line":40,"column":43},"end":{"line":40,"column":57}},"21":{"start":{"line":42,"column":4},"end":{"line":64,"column":7}},"22":{"start":{"line":43,"column":26},"end":{"line":43,"column":57}},"23":{"start":{"line":44,"column":27},"end":{"line":44,"column":55}},"24":{"start":{"line":47,"column":28},"end":{"line":49,"column":9}},"25":{"start":{"line":48,"column":12},"end":{"line":48,"column":38}},"26":{"start":{"line":51,"column":8},"end":{"line":63,"column":9}},"27":{"start":{"line":52,"column":45},"end":{"line":52,"column":112}},"28":{"start":{"line":54,"column":12},"end":{"line":62,"column":15}},"29":{"start":{"line":66,"column":4},"end":{"line":66,"column":18}},"30":{"start":{"line":71,"column":20},"end":{"line":73,"column":12}},"31":{"start":{"line":75,"column":4},"end":{"line":75,"column":39}},"32":{"start":{"line":75,"column":29},"end":{"line":75,"column":39}},"33":{"start":{"line":77,"column":4},"end":{"line":102,"column":6}},"34":{"start":{"line":107,"column":16},"end":{"line":110,"column":6}},"35":{"start":{"line":112,"column":29},"end":{"line":112,"column":58}},"36":{"start":{"line":113,"column":19},"end":{"line":113,"column":21}},"37":{"start":{"line":115,"column":4},"end":{"line":126,"column":7}},"38":{"start":{"line":116,"column":23},"end":{"line":116,"column":46}},"39":{"start":{"line":117,"column":32},"end":{"line":117,"column":64}},"40":{"start":{"line":119,"column":8},"end":{"line":125,"column":11}},"41":{"start":{"line":128,"column":4},"end":{"line":128,"column":52}},"42":{"start":{"line":131,"column":0},"end":{"line":131,"column":97}}},"fnMap":{"0":{"name":"extractModelDefinitions","decl":{"start":{"line":8,"column":9},"end":{"line":8,"column":32}},"loc":{"start":{"line":8,"column":39},"end":{"line":33,"column":1}},"line":8},"1":{"name":"(anonymous_1)","decl":{"start":{"line":17,"column":8},"end":{"line":17,"column":9}},"loc":{"start":{"line":17,"column":29},"end":{"line":29,"column":9}},"line":17},"2":{"name":"extractFields","decl":{"start":{"line":36,"column":9},"end":{"line":36,"column":22}},"loc":{"start":{"line":36,"column":40},"end":{"line":67,"column":1}},"line":36},"3":{"name":"(anonymous_3)","decl":{"start":{"line":42,"column":34},"end":{"line":42,"column":35}},"loc":{"start":{"line":42,"column":42},"end":{"line":64,"column":5}},"line":42},"4":{"name":"(anonymous_4)","decl":{"start":{"line":47,"column":55},"end":{"line":47,"column":56}},"loc":{"start":{"line":48,"column":12},"end":{"line":48,"column":38}},"line":48},"5":{"name":"extractTimestampFields","decl":{"start":{"line":70,"column":9},"end":{"line":70,"column":31}},"loc":{"start":{"line":70,"column":49},"end":{"line":103,"column":1}},"line":70},"6":{"name":"modelParser","decl":{"start":{"line":106,"column":9},"end":{"line":106,"column":20}},"loc":{"start":{"line":106,"column":27},"end":{"line":129,"column":1}},"line":106},"7":{"name":"(anonymous_7)","decl":{"start":{"line":115,"column":29},"end":{"line":115,"column":30}},"loc":{"start":{"line":115,"column":41},"end":{"line":126,"column":5}},"line":115}},"branchMap":{"0":{"loc":{"start":{"line":18,"column":12},"end":{"line":18,"column":64}},"type":"if","locations":[{"start":{"line":18,"column":12},"end":{"line":18,"column":64}},{"start":{},"end":{}}],"line":18},"1":{"loc":{"start":{"line":19,"column":12},"end":{"line":19,"column":68}},"type":"if","locations":[{"start":{"line":19,"column":12},"end":{"line":19,"column":68}},{"start":{},"end":{}}],"line":19},"2":{"loc":{"start":{"line":22,"column":12},"end":{"line":22,"column":35}},"type":"if","locations":[{"start":{"line":22,"column":12},"end":{"line":22,"column":35}},{"start":{},"end":{}}],"line":22},"3":{"loc":{"start":{"line":40,"column":4},"end":{"line":40,"column":57}},"type":"if","locations":[{"start":{"line":40,"column":4},"end":{"line":40,"column":57}},{"start":{},"end":{}}],"line":40},"4":{"loc":{"start":{"line":43,"column":26},"end":{"line":43,"column":57}},"type":"binary-expr","locations":[{"start":{"line":43,"column":26},"end":{"line":43,"column":39}},{"start":{"line":43,"column":43},"end":{"line":43,"column":57}}],"line":43},"5":{"loc":{"start":{"line":51,"column":8},"end":{"line":63,"column":9}},"type":"if","locations":[{"start":{"line":51,"column":8},"end":{"line":63,"column":9}},{"start":{},"end":{}}],"line":51},"6":{"loc":{"start":{"line":59,"column":29},"end":{"line":59,"column":42}},"type":"binary-expr","locations":[{"start":{"line":59,"column":29},"end":{"line":59,"column":36}},{"start":{"line":59,"column":40},"end":{"line":59,"column":42}}],"line":59},"7":{"loc":{"start":{"line":60,"column":33},"end":{"line":60,"column":50}},"type":"binary-expr","locations":[{"start":{"line":60,"column":33},"end":{"line":60,"column":44}},{"start":{"line":60,"column":48},"end":{"line":60,"column":50}}],"line":60},"8":{"loc":{"start":{"line":71,"column":20},"end":{"line":73,"column":12}},"type":"cond-expr","locations":[{"start":{"line":72,"column":10},"end":{"line":72,"column":61}},{"start":{"line":73,"column":10},"end":{"line":73,"column":12}}],"line":71},"9":{"loc":{"start":{"line":75,"column":4},"end":{"line":75,"column":39}},"type":"if","locations":[{"start":{"line":75,"column":4},"end":{"line":75,"column":39}},{"start":{},"end":{}}],"line":75},"10":{"loc":{"start":{"line":122,"column":21},"end":{"line":124,"column":20}},"type":"cond-expr","locations":[{"start":{"line":123,"column":18},"end":{"line":123,"column":62}},{"start":{"line":124,"column":18},"end":{"line":124,"column":20}}],"line":122},"11":{"loc":{"start":{"line":128,"column":11},"end":{"line":128,"column":51}},"type":"cond-expr","locations":[{"start":{"line":128,"column":33},"end":{"line":128,"column":42}},{"start":{"line":128,"column":45},"end":{"line":128,"column":51}}],"line":128}},"s":{"0":1,"1":1,"2":1,"3":1,"4":1,"5":1,"6":1,"7":1,"8":5,"9":3,"10":2,"11":0,"12":2,"13":2,"14":0,"15":2,"16":1,"17":0,"18":0,"19":0,"20":0,"21":0,"22":0,"23":0,"24":0,"25":0,"26":0,"27":0,"28":0,"29":0,"30":0,"31":0,"32":0,"33":0,"34":0,"35":0,"36":0,"37":0,"38":0,"39":0,"40":0,"41":0,"42":1},"f":{"0":1,"1":5,"2":0,"3":0,"4":0,"5":0,"6":0,"7":0},"b":{"0":[3,2],"1":[0,2],"2":[0,2],"3":[0,0],"4":[0,0],"5":[0,0],"6":[0,0],"7":[0,0],"8":[0,0],"9":[0,0],"10":[0,0],"11":[0,0]},"_coverageSchema":"1a1c01bbd47fc00a2c39e90264f33305004495a9","hash":"cf4df5251e17551ad97b2079337a06f12b056aae"}
,"/home/hasininjato/FOLDERS/swaggelize/swaggelize/refactoring/src/utils/constants.js": {"path":"/home/hasininjato/FOLDERS/swaggelize/swaggelize/refactoring/src/utils/constants.js","statementMap":{"0":{"start":{"line":1,"column":25},"end":{"line":1,"column":85}},"1":{"start":{"line":2,"column":33},"end":{"line":2,"column":95}},"2":{"start":{"line":3,"column":17},"end":{"line":3,"column":24}},"3":{"start":{"line":7,"column":4},"end":{"line":7,"column":27}},"4":{"start":{"line":7,"column":15},"end":{"line":7,"column":27}},"5":{"start":{"line":8,"column":20},"end":{"line":8,"column":44}},"6":{"start":{"line":9,"column":4},"end":{"line":9,"column":42}},"7":{"start":{"line":13,"column":22},"end":{"line":25,"column":1}},"8":{"start":{"line":14,"column":24},"end":{"line":14,"column":33}},"9":{"start":{"line":15,"column":27},"end":{"line":15,"column":37}},"10":{"start":{"line":16,"column":28},"end":{"line":16,"column":38}},"11":{"start":{"line":17,"column":28},"end":{"line":17,"column":38}},"12":{"start":{"line":18,"column":30},"end":{"line":18,"column":73}},"13":{"start":{"line":19,"column":30},"end":{"line":23,"column":10}},"14":{"start":{"line":20,"column":20},"end":{"line":20,"column":51}},"15":{"start":{"line":21,"column":8},"end":{"line":21,"column":48}},"16":{"start":{"line":22,"column":8},"end":{"line":22,"column":19}},"17":{"start":{"line":24,"column":29},"end":{"line":24,"column":64}},"18":{"start":{"line":27,"column":0},"end":{"line":33,"column":2}}},"fnMap":{"0":{"name":"getValueFromNode","decl":{"start":{"line":6,"column":9},"end":{"line":6,"column":25}},"loc":{"start":{"line":6,"column":32},"end":{"line":10,"column":1}},"line":6},"1":{"name":"(anonymous_1)","decl":{"start":{"line":14,"column":16},"end":{"line":14,"column":17}},"loc":{"start":{"line":14,"column":24},"end":{"line":14,"column":33}},"line":14},"2":{"name":"(anonymous_2)","decl":{"start":{"line":15,"column":19},"end":{"line":15,"column":20}},"loc":{"start":{"line":15,"column":27},"end":{"line":15,"column":37}},"line":15},"3":{"name":"(anonymous_3)","decl":{"start":{"line":16,"column":20},"end":{"line":16,"column":21}},"loc":{"start":{"line":16,"column":28},"end":{"line":16,"column":38}},"line":16},"4":{"name":"(anonymous_4)","decl":{"start":{"line":17,"column":20},"end":{"line":17,"column":21}},"loc":{"start":{"line":17,"column":28},"end":{"line":17,"column":38}},"line":17},"5":{"name":"(anonymous_5)","decl":{"start":{"line":18,"column":22},"end":{"line":18,"column":23}},"loc":{"start":{"line":18,"column":30},"end":{"line":18,"column":73}},"line":18},"6":{"name":"(anonymous_6)","decl":{"start":{"line":19,"column":22},"end":{"line":19,"column":23}},"loc":{"start":{"line":19,"column":30},"end":{"line":23,"column":10}},"line":19},"7":{"name":"(anonymous_7)","decl":{"start":{"line":19,"column":53},"end":{"line":19,"column":54}},"loc":{"start":{"line":19,"column":68},"end":{"line":23,"column":5}},"line":19},"8":{"name":"(anonymous_8)","decl":{"start":{"line":24,"column":21},"end":{"line":24,"column":22}},"loc":{"start":{"line":24,"column":29},"end":{"line":24,"column":64}},"line":24}},"branchMap":{"0":{"loc":{"start":{"line":7,"column":4},"end":{"line":7,"column":27}},"type":"if","locations":[{"start":{"line":7,"column":4},"end":{"line":7,"column":27}},{"start":{},"end":{}}],"line":7},"1":{"loc":{"start":{"line":9,"column":11},"end":{"line":9,"column":41}},"type":"cond-expr","locations":[{"start":{"line":9,"column":21},"end":{"line":9,"column":34}},{"start":{"line":9,"column":37},"end":{"line":9,"column":41}}],"line":9},"2":{"loc":{"start":{"line":20,"column":20},"end":{"line":20,"column":51}},"type":"binary-expr","locations":[{"start":{"line":20,"column":20},"end":{"line":20,"column":33}},{"start":{"line":20,"column":37},"end":{"line":20,"column":51}}],"line":20}},"s":{"0":1,"1":1,"2":1,"3":0,"4":0,"5":0,"6":0,"7":1,"8":0,"9":0,"10":0,"11":0,"12":0,"13":0,"14":0,"15":0,"16":0,"17":0,"18":1},"f":{"0":0,"1":0,"2":0,"3":0,"4":0,"5":0,"6":0,"7":0,"8":0},"b":{"0":[0,0],"1":[0,0],"2":[0,0]},"_coverageSchema":"1a1c01bbd47fc00a2c39e90264f33305004495a9","hash":"3b01e792987fd40d869c96d45bee728f90d108e9"}
,"/home/hasininjato/FOLDERS/swaggelize/swaggelize/refactoring/src/utils/utils.js": {"path":"/home/hasininjato/FOLDERS/swaggelize/swaggelize/refactoring/src/utils/utils.js","statementMap":{"0":{"start":{"line":1,"column":11},"end":{"line":1,"column":24}},"1":{"start":{"line":2,"column":13},"end":{"line":2,"column":28}},"2":{"start":{"line":4,"column":24},"end":{"line":11,"column":1}},"3":{"start":{"line":5,"column":4},"end":{"line":10,"column":5}},"4":{"start":{"line":6,"column":8},"end":{"line":6,"column":49}},"5":{"start":{"line":8,"column":8},"end":{"line":8,"column":58}},"6":{"start":{"line":9,"column":8},"end":{"line":9,"column":20}},"7":{"start":{"line":13,"column":27},"end":{"line":21,"column":1}},"8":{"start":{"line":14,"column":4},"end":{"line":20,"column":5}},"9":{"start":{"line":15,"column":8},"end":{"line":16,"column":82}},"10":{"start":{"line":16,"column":28},"end":{"line":16,"column":80}},"11":{"start":{"line":18,"column":8},"end":{"line":18,"column":63}},"12":{"start":{"line":19,"column":8},"end":{"line":19,"column":18}},"13":{"start":{"line":23,"column":44},"end":{"line":70,"column":1}},"14":{"start":{"line":25,"column":27},"end":{"line":28,"column":15}},"15":{"start":{"line":30,"column":24},"end":{"line":32,"column":61}},"16":{"start":{"line":32,"column":22},"end":{"line":32,"column":60}},"17":{"start":{"line":34,"column":23},"end":{"line":34,"column":25}},"18":{"start":{"line":35,"column":4},"end":{"line":41,"column":5}},"19":{"start":{"line":36,"column":8},"end":{"line":40,"column":42}},"20":{"start":{"line":40,"column":27},"end":{"line":40,"column":40}},"21":{"start":{"line":44,"column":28},"end":{"line":46,"column":65}},"22":{"start":{"line":46,"column":22},"end":{"line":46,"column":64}},"23":{"start":{"line":48,"column":22},"end":{"line":48,"column":24}},"24":{"start":{"line":49,"column":4},"end":{"line":53,"column":5}},"25":{"start":{"line":50,"column":8},"end":{"line":52,"column":20}},"26":{"start":{"line":55,"column":26},"end":{"line":57,"column":63}},"27":{"start":{"line":57,"column":22},"end":{"line":57,"column":62}},"28":{"start":{"line":58,"column":20},"end":{"line":58,"column":22}},"29":{"start":{"line":59,"column":4},"end":{"line":63,"column":5}},"30":{"start":{"line":60,"column":8},"end":{"line":62,"column":20}},"31":{"start":{"line":65,"column":4},"end":{"line":69,"column":6}},"32":{"start":{"line":72,"column":32},"end":{"line":91,"column":1}},"33":{"start":{"line":74,"column":27},"end":{"line":77,"column":15}},"34":{"start":{"line":79,"column":26},"end":{"line":81,"column":63}},"35":{"start":{"line":81,"column":22},"end":{"line":81,"column":62}},"36":{"start":{"line":83,"column":20},"end":{"line":83,"column":22}},"37":{"start":{"line":84,"column":4},"end":{"line":88,"column":5}},"38":{"start":{"line":85,"column":8},"end":{"line":87,"column":20}},"39":{"start":{"line":90,"column":4},"end":{"line":90,"column":21}},"40":{"start":{"line":93,"column":30},"end":{"line":96,"column":1}},"41":{"start":{"line":94,"column":4},"end":{"line":94,"column":25}},"42":{"start":{"line":94,"column":14},"end":{"line":94,"column":25}},"43":{"start":{"line":95,"column":4},"end":{"line":95,"column":54}},"44":{"start":{"line":98,"column":21},"end":{"line":106,"column":1}},"45":{"start":{"line":99,"column":29},"end":{"line":99,"column":45}},"46":{"start":{"line":100,"column":25},"end":{"line":100,"column":73}},"47":{"start":{"line":101,"column":23},"end":{"line":103,"column":22}},"48":{"start":{"line":105,"column":4},"end":{"line":105,"column":42}},"49":{"start":{"line":108,"column":0},"end":{"line":115,"column":1}}},"fnMap":{"0":{"name":"(anonymous_0)","decl":{"start":{"line":4,"column":24},"end":{"line":4,"column":25}},"loc":{"start":{"line":4,"column":38},"end":{"line":11,"column":1}},"line":4},"1":{"name":"(anonymous_1)","decl":{"start":{"line":13,"column":27},"end":{"line":13,"column":28}},"loc":{"start":{"line":13,"column":46},"end":{"line":21,"column":1}},"line":13},"2":{"name":"(anonymous_2)","decl":{"start":{"line":16,"column":20},"end":{"line":16,"column":21}},"loc":{"start":{"line":16,"column":28},"end":{"line":16,"column":80}},"line":16},"3":{"name":"(anonymous_3)","decl":{"start":{"line":23,"column":44},"end":{"line":23,"column":45}},"loc":{"start":{"line":23,"column":57},"end":{"line":70,"column":1}},"line":23},"4":{"name":"(anonymous_4)","decl":{"start":{"line":32,"column":14},"end":{"line":32,"column":15}},"loc":{"start":{"line":32,"column":22},"end":{"line":32,"column":60}},"line":32},"5":{"name":"(anonymous_5)","decl":{"start":{"line":40,"column":17},"end":{"line":40,"column":18}},"loc":{"start":{"line":40,"column":27},"end":{"line":40,"column":40}},"line":40},"6":{"name":"(anonymous_6)","decl":{"start":{"line":46,"column":14},"end":{"line":46,"column":15}},"loc":{"start":{"line":46,"column":22},"end":{"line":46,"column":64}},"line":46},"7":{"name":"(anonymous_7)","decl":{"start":{"line":57,"column":14},"end":{"line":57,"column":15}},"loc":{"start":{"line":57,"column":22},"end":{"line":57,"column":62}},"line":57},"8":{"name":"(anonymous_8)","decl":{"start":{"line":72,"column":32},"end":{"line":72,"column":33}},"loc":{"start":{"line":72,"column":45},"end":{"line":91,"column":1}},"line":72},"9":{"name":"(anonymous_9)","decl":{"start":{"line":81,"column":14},"end":{"line":81,"column":15}},"loc":{"start":{"line":81,"column":22},"end":{"line":81,"column":62}},"line":81},"10":{"name":"(anonymous_10)","decl":{"start":{"line":93,"column":30},"end":{"line":93,"column":31}},"loc":{"start":{"line":93,"column":39},"end":{"line":96,"column":1}},"line":93},"11":{"name":"(anonymous_11)","decl":{"start":{"line":98,"column":21},"end":{"line":98,"column":22}},"loc":{"start":{"line":98,"column":32},"end":{"line":106,"column":1}},"line":98}},"branchMap":{"0":{"loc":{"start":{"line":35,"column":4},"end":{"line":41,"column":5}},"type":"if","locations":[{"start":{"line":35,"column":4},"end":{"line":41,"column":5}},{"start":{},"end":{}}],"line":35},"1":{"loc":{"start":{"line":49,"column":4},"end":{"line":53,"column":5}},"type":"if","locations":[{"start":{"line":49,"column":4},"end":{"line":53,"column":5}},{"start":{},"end":{}}],"line":49},"2":{"loc":{"start":{"line":59,"column":4},"end":{"line":63,"column":5}},"type":"if","locations":[{"start":{"line":59,"column":4},"end":{"line":63,"column":5}},{"start":{},"end":{}}],"line":59},"3":{"loc":{"start":{"line":84,"column":4},"end":{"line":88,"column":5}},"type":"if","locations":[{"start":{"line":84,"column":4},"end":{"line":88,"column":5}},{"start":{},"end":{}}],"line":84},"4":{"loc":{"start":{"line":94,"column":4},"end":{"line":94,"column":25}},"type":"if","locations":[{"start":{"line":94,"column":4},"end":{"line":94,"column":25}},{"start":{},"end":{}}],"line":94},"5":{"loc":{"start":{"line":101,"column":23},"end":{"line":103,"column":22}},"type":"cond-expr","locations":[{"start":{"line":102,"column":10},"end":{"line":102,"column":73}},{"start":{"line":103,"column":10},"end":{"line":103,"column":22}}],"line":101}},"s":{"0":1,"1":1,"2":1,"3":0,"4":0,"5":0,"6":0,"7":1,"8":0,"9":0,"10":0,"11":0,"12":0,"13":1,"14":0,"15":0,"16":0,"17":0,"18":0,"19":0,"20":0,"21":0,"22":0,"23":0,"24":0,"25":0,"26":0,"27":0,"28":0,"29":0,"30":0,"31":0,"32":1,"33":0,"34":0,"35":0,"36":0,"37":0,"38":0,"39":0,"40":1,"41":0,"42":0,"43":0,"44":1,"45":0,"46":0,"47":0,"48":0,"49":1},"f":{"0":0,"1":0,"2":0,"3":0,"4":0,"5":0,"6":0,"7":0,"8":0,"9":0,"10":0,"11":0},"b":{"0":[0,0],"1":[0,0],"2":[0,0],"3":[0,0],"4":[0,0],"5":[0,0]},"_coverageSchema":"1a1c01bbd47fc00a2c39e90264f33305004495a9","hash":"098648590cf82e512f73732c51262895bb5cd141"}
}
